2026-02-19 20:49:29 [error]: Unhandled error on GET /lead: TypeError: Cannot set property query of #<IncomingMessage> which has only a getter
    at D:\RetireWise\backend\node_modules\express-mongo-sanitize\index.js:113:18
    at Array.forEach (<anonymous>)
    at D:\RetireWise\backend\node_modules\express-mongo-sanitize\index.js:110:44
    at Layer.handleRequest (D:\RetireWise\backend\node_modules\router\lib\layer.js:152:17)
    at trimPrefix (D:\RetireWise\backend\node_modules\router\index.js:342:13)
    at D:\RetireWise\backend\node_modules\router\index.js:297:9
    at processParams (D:\RetireWise\backend\node_modules\router\index.js:582:12)
    at next (D:\RetireWise\backend\node_modules\router\index.js:291:5)
    at compression (D:\RetireWise\backend\node_modules\compression\index.js:243:5)
    at Layer.handleRequest (D:\RetireWise\backend\node_modules\router\lib\layer.js:152:17)
2026-02-19 20:49:31 [error]: Unhandled error on GET /lead: TypeError: Cannot set property query of #<IncomingMessage> which has only a getter
    at D:\RetireWise\backend\node_modules\express-mongo-sanitize\index.js:113:18
    at Array.forEach (<anonymous>)
    at D:\RetireWise\backend\node_modules\express-mongo-sanitize\index.js:110:44
    at Layer.handleRequest (D:\RetireWise\backend\node_modules\router\lib\layer.js:152:17)
    at trimPrefix (D:\RetireWise\backend\node_modules\router\index.js:342:13)
    at D:\RetireWise\backend\node_modules\router\index.js:297:9
    at processParams (D:\RetireWise\backend\node_modules\router\index.js:582:12)
    at next (D:\RetireWise\backend\node_modules\router\index.js:291:5)
    at compression (D:\RetireWise\backend\node_modules\compression\index.js:243:5)
    at Layer.handleRequest (D:\RetireWise\backend\node_modules\router\lib\layer.js:152:17)
2026-02-19 20:49:34 [error]: Unhandled error on GET /lead: TypeError: Cannot set property query of #<IncomingMessage> which has only a getter
    at D:\RetireWise\backend\node_modules\express-mongo-sanitize\index.js:113:18
    at Array.forEach (<anonymous>)
    at D:\RetireWise\backend\node_modules\express-mongo-sanitize\index.js:110:44
    at Layer.handleRequest (D:\RetireWise\backend\node_modules\router\lib\layer.js:152:17)
    at trimPrefix (D:\RetireWise\backend\node_modules\router\index.js:342:13)
    at D:\RetireWise\backend\node_modules\router\index.js:297:9
    at processParams (D:\RetireWise\backend\node_modules\router\index.js:582:12)
    at next (D:\RetireWise\backend\node_modules\router\index.js:291:5)
    at compression (D:\RetireWise\backend\node_modules\compression\index.js:243:5)
    at Layer.handleRequest (D:\RetireWise\backend\node_modules\router\lib\layer.js:152:17)
2026-02-19 20:49:36 [error]: Unhandled error on GET /lead: TypeError: Cannot set property query of #<IncomingMessage> which has only a getter
    at D:\RetireWise\backend\node_modules\express-mongo-sanitize\index.js:113:18
    at Array.forEach (<anonymous>)
    at D:\RetireWise\backend\node_modules\express-mongo-sanitize\index.js:110:44
    at Layer.handleRequest (D:\RetireWise\backend\node_modules\router\lib\layer.js:152:17)
    at trimPrefix (D:\RetireWise\backend\node_modules\router\index.js:342:13)
    at D:\RetireWise\backend\node_modules\router\index.js:297:9
    at processParams (D:\RetireWise\backend\node_modules\router\index.js:582:12)
    at next (D:\RetireWise\backend\node_modules\router\index.js:291:5)
    at compression (D:\RetireWise\backend\node_modules\compression\index.js:243:5)
    at Layer.handleRequest (D:\RetireWise\backend\node_modules\router\lib\layer.js:152:17)
2026-02-19 20:51:59 [error]: Unhandled error on POST /api/leads: Error: CORS: origin not allowed
    at origin (D:\RetireWise\backend\app.js:133:16)
    at D:\RetireWise\backend\node_modules\cors\lib\index.js:219:13
    at optionsCallback (D:\RetireWise\backend\node_modules\cors\lib\index.js:199:9)
    at corsMiddleware (D:\RetireWise\backend\node_modules\cors\lib\index.js:204:7)
    at Layer.handleRequest (D:\RetireWise\backend\node_modules\router\lib\layer.js:152:17)
    at trimPrefix (D:\RetireWise\backend\node_modules\router\index.js:342:13)
    at D:\RetireWise\backend\node_modules\router\index.js:297:9
    at processParams (D:\RetireWise\backend\node_modules\router\index.js:582:12)
    at next (D:\RetireWise\backend\node_modules\router\index.js:291:5)
    at logger (D:\RetireWise\backend\node_modules\morgan\index.js:144:5)
2026-02-20 23:08:28 [error]: Unhandled error on POST /api/admin/login: Error: CORS blocked: http://192.168.1.102:5000
    at origin (D:\RetireWise\backend\app.js:136:14)
    at D:\RetireWise\backend\node_modules\cors\lib\index.js:219:13
    at optionsCallback (D:\RetireWise\backend\node_modules\cors\lib\index.js:199:9)
    at corsMiddleware (D:\RetireWise\backend\node_modules\cors\lib\index.js:204:7)
    at Layer.handleRequest (D:\RetireWise\backend\node_modules\router\lib\layer.js:152:17)
    at trimPrefix (D:\RetireWise\backend\node_modules\router\index.js:342:13)
    at D:\RetireWise\backend\node_modules\router\index.js:297:9
    at processParams (D:\RetireWise\backend\node_modules\router\index.js:582:12)
    at next (D:\RetireWise\backend\node_modules\router\index.js:291:5)
    at logger (D:\RetireWise\backend\node_modules\morgan\index.js:144:5)
2026-02-20 23:08:56 [error]: Unhandled error on POST /api/admin/login: Error: CORS blocked: http://192.168.1.102:5000
    at origin (D:\RetireWise\backend\app.js:136:14)
    at D:\RetireWise\backend\node_modules\cors\lib\index.js:219:13
    at optionsCallback (D:\RetireWise\backend\node_modules\cors\lib\index.js:199:9)
    at corsMiddleware (D:\RetireWise\backend\node_modules\cors\lib\index.js:204:7)
    at Layer.handleRequest (D:\RetireWise\backend\node_modules\router\lib\layer.js:152:17)
    at trimPrefix (D:\RetireWise\backend\node_modules\router\index.js:342:13)
    at D:\RetireWise\backend\node_modules\router\index.js:297:9
    at processParams (D:\RetireWise\backend\node_modules\router\index.js:582:12)
    at next (D:\RetireWise\backend\node_modules\router\index.js:291:5)
    at logger (D:\RetireWise\backend\node_modules\morgan\index.js:144:5)
2026-02-20 23:09:46 [error]: Unhandled error on POST /api/admin/login: Error: CORS blocked: http://192.168.1.102:5000
    at origin (D:\RetireWise\backend\app.js:136:14)
    at D:\RetireWise\backend\node_modules\cors\lib\index.js:219:13
    at optionsCallback (D:\RetireWise\backend\node_modules\cors\lib\index.js:199:9)
    at corsMiddleware (D:\RetireWise\backend\node_modules\cors\lib\index.js:204:7)
    at Layer.handleRequest (D:\RetireWise\backend\node_modules\router\lib\layer.js:152:17)
    at trimPrefix (D:\RetireWise\backend\node_modules\router\index.js:342:13)
    at D:\RetireWise\backend\node_modules\router\index.js:297:9
    at processParams (D:\RetireWise\backend\node_modules\router\index.js:582:12)
    at next (D:\RetireWise\backend\node_modules\router\index.js:291:5)
    at logger (D:\RetireWise\backend\node_modules\morgan\index.js:144:5)
